0 info it worked if it ends with ok
1 verbose cli [ '/usr/bin/node', '/usr/bin/npm', 'link' ]
2 info using npm@3.5.2
3 info using node@v8.10.0
4 verbose linkPkg /srv/dev/projects/tmp/ngx-bootstrap/dist
5 silly gentlyRm /usr/local/lib/node_modules/ngx-bootstrap is being purged
6 verbose gentlyRm don't care about contents; nuking /usr/local/lib/node_modules/ngx-bootstrap
7 verbose stack Error: EACCES: permission denied, symlink '/srv/dev/projects/tmp/ngx-bootstrap/dist' -> '/usr/local/lib/node_modules/ngx-bootstrap'
8 verbose cwd /srv/dev/projects/tmp/ngx-bootstrap/dist
9 error Linux 4.15.0-20-generic
10 error argv "/usr/bin/node" "/usr/bin/npm" "link"
11 error node v8.10.0
12 error npm  v3.5.2
13 error path /srv/dev/projects/tmp/ngx-bootstrap/dist
14 error code EACCES
15 error errno -13
16 error syscall symlink
17 error Error: EACCES: permission denied, symlink '/srv/dev/projects/tmp/ngx-bootstrap/dist' -> '/usr/local/lib/node_modules/ngx-bootstrap'
17 error  { Error: EACCES: permission denied, symlink '/srv/dev/projects/tmp/ngx-bootstrap/dist' -> '/usr/local/lib/node_modules/ngx-bootstrap'
17 error   errno: -13,
17 error   code: 'EACCES',
17 error   syscall: 'symlink',
17 error   path: '/srv/dev/projects/tmp/ngx-bootstrap/dist',
17 error   dest: '/usr/local/lib/node_modules/ngx-bootstrap' }
18 error Please try running this command again as root/Administrator.
19 verbose exit [ -13, true ]
